Performing C SOURCE FILE Test CMAKE_HAVE_LIBC_PTHREAD failed with the following output:
Change Dir: /home/hjx/Documents/test_tf/src/cmake-build-debug/CMakeFiles/CMakeTmp

Run Build Command(s):/usr/bin/make cmTC_7f576/fast && /usr/bin/make -f CMakeFiles/cmTC_7f576.dir/build.make CMakeFiles/cmTC_7f576.dir/build
make[1]: Entering directory '/home/hjx/Documents/test_tf/src/cmake-build-debug/CMakeFiles/CMakeTmp'
Building C object CMakeFiles/cmTC_7f576.dir/src.c.o
/usr/bin/cc   -DCMAKE_HAVE_LIBC_PTHREAD   -o CMakeFiles/cmTC_7f576.dir/src.c.o   -c /home/hjx/Documents/test_tf/src/cmake-build-debug/CMakeFiles/CMakeTmp/src.c
Linking C executable cmTC_7f576
/home/hjx/Downloads/clion-2020.1.3/bin/cmake/linux/bin/cmake -E cmake_link_script CMakeFiles/cmTC_7f576.dir/link.txt --verbose=1
/usr/bin/cc  -DCMAKE_HAVE_LIBC_PTHREAD    -rdynamic CMakeFiles/cmTC_7f576.dir/src.c.o  -o cmTC_7f576 
CMakeFiles/cmTC_7f576.dir/src.c.o: In function `main':
src.c:(.text+0x3c): undefined reference to `pthread_create'
src.c:(.text+0x48): undefined reference to `pthread_detach'
src.c:(.text+0x59): undefined reference to `pthread_join'
src.c:(.text+0x6d): undefined reference to `pthread_atfork'
collect2: error: ld returned 1 exit status
CMakeFiles/cmTC_7f576.dir/build.make:86: recipe for target 'cmTC_7f576' failed
make[1]: *** [cmTC_7f576] Error 1
make[1]: Leaving directory '/home/hjx/Documents/test_tf/src/cmake-build-debug/CMakeFiles/CMakeTmp'
Makefile:121: recipe for target 'cmTC_7f576/fast' failed
make: *** [cmTC_7f576/fast] Error 2


Source file was:
#include <pthread.h>

void* test_func(void* data)
{
  return data;
}

int main(void)
{
  pthread_t thread;
  pthread_create(&thread, NULL, test_func, NULL);
  pthread_detach(thread);
  pthread_join(thread, NULL);
  pthread_atfork(NULL, NULL, NULL);
  pthread_exit(NULL);

  return 0;
}

Determining if the function pthread_create exists in the pthreads failed with the following output:
Change Dir: /home/hjx/Documents/test_tf/src/cmake-build-debug/CMakeFiles/CMakeTmp

Run Build Command(s):/usr/bin/make cmTC_3820f/fast && /usr/bin/make -f CMakeFiles/cmTC_3820f.dir/build.make CMakeFiles/cmTC_3820f.dir/build
make[1]: Entering directory '/home/hjx/Documents/test_tf/src/cmake-build-debug/CMakeFiles/CMakeTmp'
Building C object CMakeFiles/cmTC_3820f.dir/CheckFunctionExists.c.o
/usr/bin/cc   -DCHECK_FUNCTION_EXISTS=pthread_create   -o CMakeFiles/cmTC_3820f.dir/CheckFunctionExists.c.o   -c /home/hjx/Downloads/clion-2020.1.3/bin/cmake/linux/share/cmake-3.16/Modules/CheckFunctionExists.c
Linking C executable cmTC_3820f
/home/hjx/Downloads/clion-2020.1.3/bin/cmake/linux/bin/cmake -E cmake_link_script CMakeFiles/cmTC_3820f.dir/link.txt --verbose=1
/usr/bin/cc  -DCHECK_FUNCTION_EXISTS=pthread_create    -rdynamic CMakeFiles/cmTC_3820f.dir/CheckFunctionExists.c.o  -o cmTC_3820f  -lpthreads 
/usr/bin/ld: cannot find -lpthreads
collect2: error: ld returned 1 exit status
CMakeFiles/cmTC_3820f.dir/build.make:86: recipe for target 'cmTC_3820f' failed
make[1]: *** [cmTC_3820f] Error 1
make[1]: Leaving directory '/home/hjx/Documents/test_tf/src/cmake-build-debug/CMakeFiles/CMakeTmp'
Makefile:121: recipe for target 'cmTC_3820f/fast' failed
make: *** [cmTC_3820f/fast] Error 2



